{
  "/Users/huyanjie/Documents/fitness_centres/frontend_Vite/src/App.jsx": {
    "path": "/Users/huyanjie/Documents/fitness_centres/frontend_Vite/src/App.jsx",
    "statementMap": {
      "0": {
        "start": {
          "line": 3,
          "column": 20
        },
        "end": {
          "line": 3,
          "column": 97
        }
      },
      "1": {
        "start": {
          "line": 6,
          "column": 0
        },
        "end": {
          "line": 16,
          "column": 1
        }
      },
      "2": {
        "start": {
          "line": 7,
          "column": 2
        },
        "end": {
          "line": 9,
          "column": 3
        }
      },
      "3": {
        "start": {
          "line": 8,
          "column": 4
        },
        "end": {
          "line": 8,
          "column": 165
        }
      },
      "4": {
        "start": {
          "line": 10,
          "column": 2
        },
        "end": {
          "line": 10,
          "column": 39
        }
      },
      "5": {
        "start": {
          "line": 11,
          "column": 2
        },
        "end": {
          "line": 11,
          "column": 39
        }
      },
      "6": {
        "start": {
          "line": 12,
          "column": 2
        },
        "end": {
          "line": 14,
          "column": 4
        }
      },
      "7": {
        "start": {
          "line": 13,
          "column": 4
        },
        "end": {
          "line": 13,
          "column": 111
        }
      },
      "8": {
        "start": {
          "line": 15,
          "column": 2
        },
        "end": {
          "line": 15,
          "column": 75
        }
      },
      "9": {
        "start": {
          "line": 17,
          "column": 9
        },
        "end": {
          "line": 17,
          "column": 23
        }
      },
      "10": {
        "start": {
          "line": 17,
          "column": 31
        },
        "end": {
          "line": 17,
          "column": 45
        }
      },
      "11": {
        "start": {
          "line": 26,
          "column": 20
        },
        "end": {
          "line": 26,
          "column": 66
        }
      },
      "12": {
        "start": {
          "line": 26,
          "column": 36
        },
        "end": {
          "line": 26,
          "column": 65
        }
      },
      "13": {
        "start": {
          "line": 27,
          "column": 0
        },
        "end": {
          "line": 27,
          "column": 18
        }
      },
      "14": {
        "start": {
          "line": 28,
          "column": 14
        },
        "end": {
          "line": 28,
          "column": 55
        }
      },
      "15": {
        "start": {
          "line": 28,
          "column": 31
        },
        "end": {
          "line": 28,
          "column": 54
        }
      },
      "16": {
        "start": {
          "line": 29,
          "column": 0
        },
        "end": {
          "line": 29,
          "column": 12
        }
      },
      "17": {
        "start": {
          "line": 30,
          "column": 17
        },
        "end": {
          "line": 30,
          "column": 61
        }
      },
      "18": {
        "start": {
          "line": 30,
          "column": 34
        },
        "end": {
          "line": 30,
          "column": 60
        }
      },
      "19": {
        "start": {
          "line": 31,
          "column": 0
        },
        "end": {
          "line": 31,
          "column": 15
        }
      },
      "20": {
        "start": {
          "line": 32,
          "column": 19
        },
        "end": {
          "line": 32,
          "column": 65
        }
      },
      "21": {
        "start": {
          "line": 32,
          "column": 36
        },
        "end": {
          "line": 32,
          "column": 64
        }
      },
      "22": {
        "start": {
          "line": 33,
          "column": 0
        },
        "end": {
          "line": 33,
          "column": 17
        }
      },
      "23": {
        "start": {
          "line": 34,
          "column": 24
        },
        "end": {
          "line": 34,
          "column": 75
        }
      },
      "24": {
        "start": {
          "line": 34,
          "column": 41
        },
        "end": {
          "line": 34,
          "column": 74
        }
      },
      "25": {
        "start": {
          "line": 35,
          "column": 0
        },
        "end": {
          "line": 35,
          "column": 23
        }
      },
      "26": {
        "start": {
          "line": 36,
          "column": 26
        },
        "end": {
          "line": 36,
          "column": 80
        }
      },
      "27": {
        "start": {
          "line": 36,
          "column": 44
        },
        "end": {
          "line": 36,
          "column": 79
        }
      },
      "28": {
        "start": {
          "line": 37,
          "column": 0
        },
        "end": {
          "line": 37,
          "column": 25
        }
      },
      "29": {
        "start": {
          "line": 38,
          "column": 23
        },
        "end": {
          "line": 38,
          "column": 75
        }
      },
      "30": {
        "start": {
          "line": 38,
          "column": 41
        },
        "end": {
          "line": 38,
          "column": 74
        }
      },
      "31": {
        "start": {
          "line": 39,
          "column": 0
        },
        "end": {
          "line": 39,
          "column": 22
        }
      },
      "32": {
        "start": {
          "line": 40,
          "column": 23
        },
        "end": {
          "line": 40,
          "column": 75
        }
      },
      "33": {
        "start": {
          "line": 40,
          "column": 41
        },
        "end": {
          "line": 40,
          "column": 74
        }
      },
      "34": {
        "start": {
          "line": 41,
          "column": 0
        },
        "end": {
          "line": 41,
          "column": 22
        }
      },
      "35": {
        "start": {
          "line": 42,
          "column": 21
        },
        "end": {
          "line": 42,
          "column": 71
        }
      },
      "36": {
        "start": {
          "line": 42,
          "column": 39
        },
        "end": {
          "line": 42,
          "column": 70
        }
      },
      "37": {
        "start": {
          "line": 43,
          "column": 0
        },
        "end": {
          "line": 43,
          "column": 20
        }
      },
      "38": {
        "start": {
          "line": 44,
          "column": 24
        },
        "end": {
          "line": 44,
          "column": 77
        }
      },
      "39": {
        "start": {
          "line": 44,
          "column": 42
        },
        "end": {
          "line": 44,
          "column": 76
        }
      },
      "40": {
        "start": {
          "line": 45,
          "column": 0
        },
        "end": {
          "line": 45,
          "column": 23
        }
      },
      "41": {
        "start": {
          "line": 48,
          "column": 25
        },
        "end": {
          "line": 56,
          "column": 8
        }
      },
      "42": {
        "start": {
          "line": 48,
          "column": 47
        },
        "end": {
          "line": 56,
          "column": 8
        }
      },
      "43": {
        "start": {
          "line": 57,
          "column": 0
        },
        "end": {
          "line": 57,
          "column": 24
        }
      },
      "44": {
        "start": {
          "line": 58,
          "column": 23
        },
        "end": {
          "line": 115,
          "column": 1
        }
      },
      "45": {
        "start": {
          "line": 59,
          "column": 2
        },
        "end": {
          "line": 59,
          "column": 7
        }
      },
      "46": {
        "start": {
          "line": 60,
          "column": 40
        },
        "end": {
          "line": 60,
          "column": 74
        }
      },
      "47": {
        "start": {
          "line": 60,
          "column": 63
        },
        "end": {
          "line": 60,
          "column": 73
        }
      },
      "48": {
        "start": {
          "line": 61,
          "column": 38
        },
        "end": {
          "line": 61,
          "column": 52
        }
      },
      "49": {
        "start": {
          "line": 62,
          "column": 2
        },
        "end": {
          "line": 67,
          "column": 34
        }
      },
      "50": {
        "start": {
          "line": 63,
          "column": 18
        },
        "end": {
          "line": 65,
          "column": 10
        }
      },
      "51": {
        "start": {
          "line": 64,
          "column": 6
        },
        "end": {
          "line": 64,
          "column": 27
        }
      },
      "52": {
        "start": {
          "line": 66,
          "column": 4
        },
        "end": {
          "line": 66,
          "column": 37
        }
      },
      "53": {
        "start": {
          "line": 66,
          "column": 17
        },
        "end": {
          "line": 66,
          "column": 36
        }
      },
      "54": {
        "start": {
          "line": 68,
          "column": 2
        },
        "end": {
          "line": 74,
          "column": 3
        }
      },
      "55": {
        "start": {
          "line": 69,
          "column": 4
        },
        "end": {
          "line": 73,
          "column": 13
        }
      },
      "56": {
        "start": {
          "line": 75,
          "column": 2
        },
        "end": {
          "line": 102,
          "column": 3
        }
      },
      "57": {
        "start": {
          "line": 76,
          "column": 4
        },
        "end": {
          "line": 101,
          "column": 5
        }
      },
      "58": {
        "start": {
          "line": 78,
          "column": 8
        },
        "end": {
          "line": 82,
          "column": 17
        }
      },
      "59": {
        "start": {
          "line": 84,
          "column": 8
        },
        "end": {
          "line": 88,
          "column": 17
        }
      },
      "60": {
        "start": {
          "line": 90,
          "column": 8
        },
        "end": {
          "line": 94,
          "column": 17
        }
      },
      "61": {
        "start": {
          "line": 96,
          "column": 8
        },
        "end": {
          "line": 100,
          "column": 17
        }
      },
      "62": {
        "start": {
          "line": 103,
          "column": 2
        },
        "end": {
          "line": 113,
          "column": 3
        }
      },
      "63": {
        "start": {
          "line": 104,
          "column": 4
        },
        "end": {
          "line": 112,
          "column": 13
        }
      },
      "64": {
        "start": {
          "line": 114,
          "column": 2
        },
        "end": {
          "line": 114,
          "column": 18
        }
      },
      "65": {
        "start": {
          "line": 116,
          "column": 0
        },
        "end": {
          "line": 118,
          "column": 3
        }
      },
      "66": {
        "start": {
          "line": 117,
          "column": 2
        },
        "end": {
          "line": 117,
          "column": 23
        }
      },
      "67": {
        "start": {
          "line": 119,
          "column": 0
        },
        "end": {
          "line": 119,
          "column": 22
        }
      },
      "68": {
        "start": {
          "line": 121,
          "column": 2
        },
        "end": {
          "line": 121,
          "column": 8
        }
      },
      "69": {
        "start": {
          "line": 122,
          "column": 28
        },
        "end": {
          "line": 122,
          "column": 39
        }
      },
      "70": {
        "start": {
          "line": 123,
          "column": 30
        },
        "end": {
          "line": 123,
          "column": 64
        }
      },
      "71": {
        "start": {
          "line": 123,
          "column": 53
        },
        "end": {
          "line": 123,
          "column": 63
        }
      },
      "72": {
        "start": {
          "line": 124,
          "column": 19
        },
        "end": {
          "line": 124,
          "column": 32
        }
      },
      "73": {
        "start": {
          "line": 125,
          "column": 19
        },
        "end": {
          "line": 125,
          "column": 32
        }
      },
      "74": {
        "start": {
          "line": 126,
          "column": 2
        },
        "end": {
          "line": 171,
          "column": 44
        }
      },
      "75": {
        "start": {
          "line": 127,
          "column": 4
        },
        "end": {
          "line": 170,
          "column": 5
        }
      },
      "76": {
        "start": {
          "line": 128,
          "column": 33
        },
        "end": {
          "line": 128,
          "column": 57
        }
      },
      "77": {
        "start": {
          "line": 129,
          "column": 6
        },
        "end": {
          "line": 129,
          "column": 52
        }
      },
      "78": {
        "start": {
          "line": 130,
          "column": 28
        },
        "end": {
          "line": 130,
          "column": 40
        }
      },
      "79": {
        "start": {
          "line": 131,
          "column": 6
        },
        "end": {
          "line": 166,
          "column": 8
        }
      },
      "80": {
        "start": {
          "line": 132,
          "column": 8
        },
        "end": {
          "line": 134,
          "column": 9
        }
      },
      "81": {
        "start": {
          "line": 133,
          "column": 10
        },
        "end": {
          "line": 133,
          "column": 49
        }
      },
      "82": {
        "start": {
          "line": 135,
          "column": 8
        },
        "end": {
          "line": 165,
          "column": 9
        }
      },
      "83": {
        "start": {
          "line": 136,
          "column": 27
        },
        "end": {
          "line": 136,
          "column": 64
        }
      },
      "84": {
        "start": {
          "line": 137,
          "column": 10
        },
        "end": {
          "line": 139,
          "column": 11
        }
      },
      "85": {
        "start": {
          "line": 138,
          "column": 12
        },
        "end": {
          "line": 138,
          "column": 28
        }
      },
      "86": {
        "start": {
          "line": 140,
          "column": 33
        },
        "end": {
          "line": 140,
          "column": 49
        }
      },
      "87": {
        "start": {
          "line": 141,
          "column": 10
        },
        "end": {
          "line": 161,
          "column": 13
        }
      },
      "88": {
        "start": {
          "line": 142,
          "column": 12
        },
        "end": {
          "line": 159,
          "column": 13
        }
      },
      "89": {
        "start": {
          "line": 143,
          "column": 14
        },
        "end": {
          "line": 145,
          "column": 15
        }
      },
      "90": {
        "start": {
          "line": 144,
          "column": 16
        },
        "end": {
          "line": 144,
          "column": 23
        }
      },
      "91": {
        "start": {
          "line": 146,
          "column": 14
        },
        "end": {
          "line": 146,
          "column": 65
        }
      },
      "92": {
        "start": {
          "line": 147,
          "column": 14
        },
        "end": {
          "line": 147,
          "column": 47
        }
      },
      "93": {
        "start": {
          "line": 148,
          "column": 14
        },
        "end": {
          "line": 148,
          "column": 50
        }
      },
      "94": {
        "start": {
          "line": 149,
          "column": 14
        },
        "end": {
          "line": 149,
          "column": 50
        }
      },
      "95": {
        "start": {
          "line": 150,
          "column": 14
        },
        "end": {
          "line": 150,
          "column": 33
        }
      },
      "96": {
        "start": {
          "line": 151,
          "column": 14
        },
        "end": {
          "line": 158,
          "column": 15
        }
      },
      "97": {
        "start": {
          "line": 152,
          "column": 16
        },
        "end": {
          "line": 157,
          "column": 19
        }
      },
      "98": {
        "start": {
          "line": 162,
          "column": 10
        },
        "end": {
          "line": 162,
          "column": 26
        }
      },
      "99": {
        "start": {
          "line": 164,
          "column": 10
        },
        "end": {
          "line": 164,
          "column": 39
        }
      },
      "100": {
        "start": {
          "line": 167,
          "column": 6
        },
        "end": {
          "line": 169,
          "column": 8
        }
      },
      "101": {
        "start": {
          "line": 168,
          "column": 8
        },
        "end": {
          "line": 168,
          "column": 37
        }
      },
      "102": {
        "start": {
          "line": 172,
          "column": 2
        },
        "end": {
          "line": 788,
          "column": 11
        }
      },
      "103": {
        "start": {
          "line": 790,
          "column": 0
        },
        "end": {
          "line": 792,
          "column": 3
        }
      },
      "104": {
        "start": {
          "line": 791,
          "column": 2
        },
        "end": {
          "line": 791,
          "column": 49
        }
      },
      "105": {
        "start": {
          "line": 793,
          "column": 0
        },
        "end": {
          "line": 793,
          "column": 11
        }
      },
      "106": {
        "start": {
          "line": 796,
          "column": 0
        },
        "end": {
          "line": 796,
          "column": 37
        }
      },
      "107": {
        "start": {
          "line": 797,
          "column": 0
        },
        "end": {
          "line": 797,
          "column": 33
        }
      },
      "108": {
        "start": {
          "line": 798,
          "column": 0
        },
        "end": {
          "line": 798,
          "column": 32
        }
      },
      "109": {
        "start": {
          "line": 799,
          "column": 0
        },
        "end": {
          "line": 799,
          "column": 27
        }
      },
      "110": {
        "start": {
          "line": 800,
          "column": 0
        },
        "end": {
          "line": 800,
          "column": 35
        }
      },
      "111": {
        "start": {
          "line": 801,
          "column": 0
        },
        "end": {
          "line": 801,
          "column": 30
        }
      },
      "112": {
        "start": {
          "line": 802,
          "column": 0
        },
        "end": {
          "line": 802,
          "column": 37
        }
      },
      "113": {
        "start": {
          "line": 803,
          "column": 0
        },
        "end": {
          "line": 803,
          "column": 32
        }
      },
      "114": {
        "start": {
          "line": 804,
          "column": 0
        },
        "end": {
          "line": 804,
          "column": 42
        }
      },
      "115": {
        "start": {
          "line": 805,
          "column": 0
        },
        "end": {
          "line": 805,
          "column": 38
        }
      },
      "116": {
        "start": {
          "line": 806,
          "column": 0
        },
        "end": {
          "line": 806,
          "column": 45
        }
      },
      "117": {
        "start": {
          "line": 807,
          "column": 0
        },
        "end": {
          "line": 807,
          "column": 40
        }
      },
      "118": {
        "start": {
          "line": 808,
          "column": 0
        },
        "end": {
          "line": 808,
          "column": 42
        }
      },
      "119": {
        "start": {
          "line": 809,
          "column": 0
        },
        "end": {
          "line": 809,
          "column": 37
        }
      },
      "120": {
        "start": {
          "line": 810,
          "column": 0
        },
        "end": {
          "line": 810,
          "column": 42
        }
      },
      "121": {
        "start": {
          "line": 811,
          "column": 0
        },
        "end": {
          "line": 811,
          "column": 37
        }
      },
      "122": {
        "start": {
          "line": 812,
          "column": 0
        },
        "end": {
          "line": 812,
          "column": 40
        }
      },
      "123": {
        "start": {
          "line": 813,
          "column": 0
        },
        "end": {
          "line": 813,
          "column": 35
        }
      },
      "124": {
        "start": {
          "line": 814,
          "column": 0
        },
        "end": {
          "line": 814,
          "column": 43
        }
      },
      "125": {
        "start": {
          "line": 815,
          "column": 0
        },
        "end": {
          "line": 815,
          "column": 38
        }
      },
      "126": {
        "start": {
          "line": 816,
          "column": 0
        },
        "end": {
          "line": 816,
          "column": 39
        }
      },
      "127": {
        "start": {
          "line": 817,
          "column": 0
        },
        "end": {
          "line": 817,
          "column": 37
        }
      },
      "128": {
        "start": {
          "line": 818,
          "column": 0
        },
        "end": {
          "line": 818,
          "column": 26
        }
      },
      "129": {
        "start": {
          "line": 819,
          "column": 0
        },
        "end": {
          "line": 822,
          "column": 1
        }
      },
      "130": {
        "start": {
          "line": 820,
          "column": 2
        },
        "end": {
          "line": 820,
          "column": 39
        }
      },
      "131": {
        "start": {
          "line": 821,
          "column": 2
        },
        "end": {
          "line": 821,
          "column": 39
        }
      },
      "132": {
        "start": {
          "line": 823,
          "column": 0
        },
        "end": {
          "line": 832,
          "column": 1
        }
      },
      "133": {
        "start": {
          "line": 824,
          "column": 2
        },
        "end": {
          "line": 831,
          "column": 5
        }
      },
      "134": {
        "start": {
          "line": 825,
          "column": 4
        },
        "end": {
          "line": 825,
          "column": 137
        }
      },
      "135": {
        "start": {
          "line": 826,
          "column": 4
        },
        "end": {
          "line": 830,
          "column": 7
        }
      },
      "136": {
        "start": {
          "line": 827,
          "column": 6
        },
        "end": {
          "line": 827,
          "column": 31
        }
      },
      "137": {
        "start": {
          "line": 827,
          "column": 24
        },
        "end": {
          "line": 827,
          "column": 31
        }
      },
      "138": {
        "start": {
          "line": 828,
          "column": 32
        },
        "end": {
          "line": 828,
          "column": 186
        }
      },
      "139": {
        "start": {
          "line": 829,
          "column": 6
        },
        "end": {
          "line": 829,
          "column": 75
        }
      },
      "140": {
        "start": {
          "line": 829,
          "column": 29
        },
        "end": {
          "line": 829,
          "column": 75
        }
      }
    },
    "fnMap": {
      "0": {
        "name": "(anonymous_0)",
        "decl": {
          "start": {
            "line": 12,
            "column": 24
          },
          "end": {
            "line": 12,
            "column": 25
          }
        },
        "loc": {
          "start": {
            "line": 12,
            "column": 38
          },
          "end": {
            "line": 14,
            "column": 3
          }
        },
        "line": 12
      },
      "1": {
        "name": "(anonymous_1)",
        "decl": {
          "start": {
            "line": 26,
            "column": 30
          },
          "end": {
            "line": 26,
            "column": 31
          }
        },
        "loc": {
          "start": {
            "line": 26,
            "column": 36
          },
          "end": {
            "line": 26,
            "column": 65
          }
        },
        "line": 26
      },
      "2": {
        "name": "(anonymous_2)",
        "decl": {
          "start": {
            "line": 28,
            "column": 25
          },
          "end": {
            "line": 28,
            "column": 26
          }
        },
        "loc": {
          "start": {
            "line": 28,
            "column": 31
          },
          "end": {
            "line": 28,
            "column": 54
          }
        },
        "line": 28
      },
      "3": {
        "name": "(anonymous_3)",
        "decl": {
          "start": {
            "line": 30,
            "column": 28
          },
          "end": {
            "line": 30,
            "column": 29
          }
        },
        "loc": {
          "start": {
            "line": 30,
            "column": 34
          },
          "end": {
            "line": 30,
            "column": 60
          }
        },
        "line": 30
      },
      "4": {
        "name": "(anonymous_4)",
        "decl": {
          "start": {
            "line": 32,
            "column": 30
          },
          "end": {
            "line": 32,
            "column": 31
          }
        },
        "loc": {
          "start": {
            "line": 32,
            "column": 36
          },
          "end": {
            "line": 32,
            "column": 64
          }
        },
        "line": 32
      },
      "5": {
        "name": "(anonymous_5)",
        "decl": {
          "start": {
            "line": 34,
            "column": 35
          },
          "end": {
            "line": 34,
            "column": 36
          }
        },
        "loc": {
          "start": {
            "line": 34,
            "column": 41
          },
          "end": {
            "line": 34,
            "column": 74
          }
        },
        "line": 34
      },
      "6": {
        "name": "(anonymous_6)",
        "decl": {
          "start": {
            "line": 36,
            "column": 38
          },
          "end": {
            "line": 36,
            "column": 39
          }
        },
        "loc": {
          "start": {
            "line": 36,
            "column": 44
          },
          "end": {
            "line": 36,
            "column": 79
          }
        },
        "line": 36
      },
      "7": {
        "name": "(anonymous_7)",
        "decl": {
          "start": {
            "line": 38,
            "column": 35
          },
          "end": {
            "line": 38,
            "column": 36
          }
        },
        "loc": {
          "start": {
            "line": 38,
            "column": 41
          },
          "end": {
            "line": 38,
            "column": 74
          }
        },
        "line": 38
      },
      "8": {
        "name": "(anonymous_8)",
        "decl": {
          "start": {
            "line": 40,
            "column": 35
          },
          "end": {
            "line": 40,
            "column": 36
          }
        },
        "loc": {
          "start": {
            "line": 40,
            "column": 41
          },
          "end": {
            "line": 40,
            "column": 74
          }
        },
        "line": 40
      },
      "9": {
        "name": "(anonymous_9)",
        "decl": {
          "start": {
            "line": 42,
            "column": 33
          },
          "end": {
            "line": 42,
            "column": 34
          }
        },
        "loc": {
          "start": {
            "line": 42,
            "column": 39
          },
          "end": {
            "line": 42,
            "column": 70
          }
        },
        "line": 42
      },
      "10": {
        "name": "(anonymous_10)",
        "decl": {
          "start": {
            "line": 44,
            "column": 36
          },
          "end": {
            "line": 44,
            "column": 37
          }
        },
        "loc": {
          "start": {
            "line": 44,
            "column": 42
          },
          "end": {
            "line": 44,
            "column": 76
          }
        },
        "line": 44
      },
      "11": {
        "name": "(anonymous_11)",
        "decl": {
          "start": {
            "line": 48,
            "column": 25
          },
          "end": {
            "line": 48,
            "column": 26
          }
        },
        "loc": {
          "start": {
            "line": 48,
            "column": 47
          },
          "end": {
            "line": 56,
            "column": 8
          }
        },
        "line": 48
      },
      "12": {
        "name": "(anonymous_12)",
        "decl": {
          "start": {
            "line": 58,
            "column": 23
          },
          "end": {
            "line": 58,
            "column": 24
          }
        },
        "loc": {
          "start": {
            "line": 58,
            "column": 66
          },
          "end": {
            "line": 115,
            "column": 1
          }
        },
        "line": 58
      },
      "13": {
        "name": "(anonymous_13)",
        "decl": {
          "start": {
            "line": 60,
            "column": 52
          },
          "end": {
            "line": 60,
            "column": 53
          }
        },
        "loc": {
          "start": {
            "line": 60,
            "column": 63
          },
          "end": {
            "line": 60,
            "column": 73
          }
        },
        "line": 60
      },
      "14": {
        "name": "(anonymous_14)",
        "decl": {
          "start": {
            "line": 62,
            "column": 12
          },
          "end": {
            "line": 62,
            "column": 13
          }
        },
        "loc": {
          "start": {
            "line": 62,
            "column": 18
          },
          "end": {
            "line": 67,
            "column": 3
          }
        },
        "line": 62
      },
      "15": {
        "name": "(anonymous_15)",
        "decl": {
          "start": {
            "line": 63,
            "column": 29
          },
          "end": {
            "line": 63,
            "column": 30
          }
        },
        "loc": {
          "start": {
            "line": 63,
            "column": 35
          },
          "end": {
            "line": 65,
            "column": 5
          }
        },
        "line": 63
      },
      "16": {
        "name": "(anonymous_16)",
        "decl": {
          "start": {
            "line": 66,
            "column": 11
          },
          "end": {
            "line": 66,
            "column": 12
          }
        },
        "loc": {
          "start": {
            "line": 66,
            "column": 17
          },
          "end": {
            "line": 66,
            "column": 36
          }
        },
        "line": 66
      },
      "17": {
        "name": "(anonymous_17)",
        "decl": {
          "start": {
            "line": 116,
            "column": 58
          },
          "end": {
            "line": 116,
            "column": 59
          }
        },
        "loc": {
          "start": {
            "line": 116,
            "column": 69
          },
          "end": {
            "line": 118,
            "column": 1
          }
        },
        "line": 116
      },
      "18": {
        "name": "App",
        "decl": {
          "start": {
            "line": 120,
            "column": 9
          },
          "end": {
            "line": 120,
            "column": 12
          }
        },
        "loc": {
          "start": {
            "line": 120,
            "column": 15
          },
          "end": {
            "line": 789,
            "column": 1
          }
        },
        "line": 120
      },
      "19": {
        "name": "(anonymous_19)",
        "decl": {
          "start": {
            "line": 123,
            "column": 42
          },
          "end": {
            "line": 123,
            "column": 43
          }
        },
        "loc": {
          "start": {
            "line": 123,
            "column": 53
          },
          "end": {
            "line": 123,
            "column": 63
          }
        },
        "line": 123
      },
      "20": {
        "name": "(anonymous_20)",
        "decl": {
          "start": {
            "line": 126,
            "column": 12
          },
          "end": {
            "line": 126,
            "column": 13
          }
        },
        "loc": {
          "start": {
            "line": 126,
            "column": 18
          },
          "end": {
            "line": 171,
            "column": 3
          }
        },
        "line": 126
      },
      "21": {
        "name": "(anonymous_21)",
        "decl": {
          "start": {
            "line": 131,
            "column": 21
          },
          "end": {
            "line": 131,
            "column": 22
          }
        },
        "loc": {
          "start": {
            "line": 131,
            "column": 45
          },
          "end": {
            "line": 166,
            "column": 7
          }
        },
        "line": 131
      },
      "22": {
        "name": "(anonymous_22)",
        "decl": {
          "start": {
            "line": 141,
            "column": 37
          },
          "end": {
            "line": 141,
            "column": 38
          }
        },
        "loc": {
          "start": {
            "line": 141,
            "column": 47
          },
          "end": {
            "line": 160,
            "column": 11
          }
        },
        "line": 141
      },
      "23": {
        "name": "(anonymous_23)",
        "decl": {
          "start": {
            "line": 160,
            "column": 19
          },
          "end": {
            "line": 160,
            "column": 20
          }
        },
        "loc": {
          "start": {
            "line": 160,
            "column": 28
          },
          "end": {
            "line": 161,
            "column": 11
          }
        },
        "line": 160
      },
      "24": {
        "name": "(anonymous_24)",
        "decl": {
          "start": {
            "line": 167,
            "column": 13
          },
          "end": {
            "line": 167,
            "column": 14
          }
        },
        "loc": {
          "start": {
            "line": 167,
            "column": 19
          },
          "end": {
            "line": 169,
            "column": 7
          }
        },
        "line": 167
      },
      "25": {
        "name": "(anonymous_25)",
        "decl": {
          "start": {
            "line": 790,
            "column": 48
          },
          "end": {
            "line": 790,
            "column": 49
          }
        },
        "loc": {
          "start": {
            "line": 790,
            "column": 59
          },
          "end": {
            "line": 792,
            "column": 1
          }
        },
        "line": 790
      },
      "26": {
        "name": "(anonymous_26)",
        "decl": {
          "start": {
            "line": 824,
            "column": 52
          },
          "end": {
            "line": 824,
            "column": 53
          }
        },
        "loc": {
          "start": {
            "line": 824,
            "column": 72
          },
          "end": {
            "line": 831,
            "column": 3
          }
        },
        "line": 824
      },
      "27": {
        "name": "(anonymous_27)",
        "decl": {
          "start": {
            "line": 826,
            "column": 27
          },
          "end": {
            "line": 826,
            "column": 28
          }
        },
        "loc": {
          "start": {
            "line": 826,
            "column": 44
          },
          "end": {
            "line": 830,
            "column": 5
          }
        },
        "line": 826
      }
    },
    "branchMap": {
      "0": {
        "loc": {
          "start": {
            "line": 3,
            "column": 20
          },
          "end": {
            "line": 3,
            "column": 97
          }
        },
        "type": "binary-expr",
        "locations": [
          {
            "start": {
              "line": 3,
              "column": 20
            },
            "end": {
              "line": 3,
              "column": 60
            }
          },
          {
            "start": {
              "line": 3,
              "column": 64
            },
            "end": {
              "line": 3,
              "column": 97
            }
          }
        ],
        "line": 3
      },
      "1": {
        "loc": {
          "start": {
            "line": 6,
            "column": 0
          },
          "end": {
            "line": 16,
            "column": 1
          }
        },
        "type": "if",
        "locations": [
          {
            "start": {
              "line": 6,
              "column": 0
            },
            "end": {
              "line": 16,
              "column": 1
            }
          },
          {
            "start": {},
            "end": {}
          }
        ],
        "line": 6
      },
      "2": {
        "loc": {
          "start": {
            "line": 6,
            "column": 4
          },
          "end": {
            "line": 6,
            "column": 35
          }
        },
        "type": "binary-expr",
        "locations": [
          {
            "start": {
              "line": 6,
              "column": 4
            },
            "end": {
              "line": 6,
              "column": 19
            }
          },
          {
            "start": {
              "line": 6,
              "column": 23
            },
            "end": {
              "line": 6,
              "column": 35
            }
          }
        ],
        "line": 6
      },
      "3": {
        "loc": {
          "start": {
            "line": 7,
            "column": 2
          },
          "end": {
            "line": 9,
            "column": 3
          }
        },
        "type": "if",
        "locations": [
          {
            "start": {
              "line": 7,
              "column": 2
            },
            "end": {
              "line": 9,
              "column": 3
            }
          },
          {
            "start": {},
            "end": {}
          }
        ],
        "line": 7
      },
      "4": {
        "loc": {
          "start": {
            "line": 58,
            "column": 36
          },
          "end": {
            "line": 58,
            "column": 59
          }
        },
        "type": "default-arg",
        "locations": [
          {
            "start": {
              "line": 58,
              "column": 55
            },
            "end": {
              "line": 58,
              "column": 59
            }
          }
        ],
        "line": 58
      },
      "5": {
        "loc": {
          "start": {
            "line": 68,
            "column": 2
          },
          "end": {
            "line": 74,
            "column": 3
          }
        },
        "type": "if",
        "locations": [
          {
            "start": {
              "line": 68,
              "column": 2
            },
            "end": {
              "line": 74,
              "column": 3
            }
          },
          {
            "start": {},
            "end": {}
          }
        ],
        "line": 68
      },
      "6": {
        "loc": {
          "start": {
            "line": 68,
            "column": 6
          },
          "end": {
            "line": 68,
            "column": 37
          }
        },
        "type": "binary-expr",
        "locations": [
          {
            "start": {
              "line": 68,
              "column": 6
            },
            "end": {
              "line": 68,
              "column": 22
            }
          },
          {
            "start": {
              "line": 68,
              "column": 26
            },
            "end": {
              "line": 68,
              "column": 37
            }
          }
        ],
        "line": 68
      },
      "7": {
        "loc": {
          "start": {
            "line": 75,
            "column": 2
          },
          "end": {
            "line": 102,
            "column": 3
          }
        },
        "type": "if",
        "locations": [
          {
            "start": {
              "line": 75,
              "column": 2
            },
            "end": {
              "line": 102,
              "column": 3
            }
          },
          {
            "start": {},
            "end": {}
          }
        ],
        "line": 75
      },
      "8": {
        "loc": {
          "start": {
            "line": 75,
            "column": 6
          },
          "end": {
            "line": 75,
            "column": 89
          }
        },
        "type": "binary-expr",
        "locations": [
          {
            "start": {
              "line": 75,
              "column": 6
            },
            "end": {
              "line": 75,
              "column": 21
            }
          },
          {
            "start": {
              "line": 75,
              "column": 25
            },
            "end": {
              "line": 75,
              "column": 41
            }
          },
          {
            "start": {
              "line": 75,
              "column": 45
            },
            "end": {
              "line": 75,
              "column": 74
            }
          },
          {
            "start": {
              "line": 75,
              "column": 78
            },
            "end": {
              "line": 75,
              "column": 89
            }
          }
        ],
        "line": 75
      },
      "9": {
        "loc": {
          "start": {
            "line": 76,
            "column": 4
          },
          "end": {
            "line": 101,
            "column": 5
          }
        },
        "type": "switch",
        "locations": [
          {
            "start": {
              "line": 77,
              "column": 6
            },
            "end": {
              "line": 82,
              "column": 17
            }
          },
          {
            "start": {
              "line": 83,
              "column": 6
            },
            "end": {
              "line": 88,
              "column": 17
            }
          },
          {
            "start": {
              "line": 89,
              "column": 6
            },
            "end": {
              "line": 94,
              "column": 17
            }
          },
          {
            "start": {
              "line": 95,
              "column": 6
            },
            "end": {
              "line": 100,
              "column": 17
            }
          }
        ],
        "line": 76
      },
      "10": {
        "loc": {
          "start": {
            "line": 103,
            "column": 2
          },
          "end": {
            "line": 113,
            "column": 3
          }
        },
        "type": "if",
        "locations": [
          {
            "start": {
              "line": 103,
              "column": 2
            },
            "end": {
              "line": 113,
              "column": 3
            }
          },
          {
            "start": {},
            "end": {}
          }
        ],
        "line": 103
      },
      "11": {
        "loc": {
          "start": {
            "line": 127,
            "column": 4
          },
          "end": {
            "line": 170,
            "column": 5
          }
        },
        "type": "if",
        "locations": [
          {
            "start": {
              "line": 127,
              "column": 4
            },
            "end": {
              "line": 170,
              "column": 5
            }
          },
          {
            "start": {},
            "end": {}
          }
        ],
        "line": 127
      },
      "12": {
        "loc": {
          "start": {
            "line": 132,
            "column": 8
          },
          "end": {
            "line": 134,
            "column": 9
          }
        },
        "type": "if",
        "locations": [
          {
            "start": {
              "line": 132,
              "column": 8
            },
            "end": {
              "line": 134,
              "column": 9
            }
          },
          {
            "start": {},
            "end": {}
          }
        ],
        "line": 132
      },
      "13": {
        "loc": {
          "start": {
            "line": 137,
            "column": 10
          },
          "end": {
            "line": 139,
            "column": 11
          }
        },
        "type": "if",
        "locations": [
          {
            "start": {
              "line": 137,
              "column": 10
            },
            "end": {
              "line": 139,
              "column": 11
            }
          },
          {
            "start": {},
            "end": {}
          }
        ],
        "line": 137
      },
      "14": {
        "loc": {
          "start": {
            "line": 142,
            "column": 12
          },
          "end": {
            "line": 159,
            "column": 13
          }
        },
        "type": "if",
        "locations": [
          {
            "start": {
              "line": 142,
              "column": 12
            },
            "end": {
              "line": 159,
              "column": 13
            }
          },
          {
            "start": {},
            "end": {}
          }
        ],
        "line": 142
      },
      "15": {
        "loc": {
          "start": {
            "line": 142,
            "column": 16
          },
          "end": {
            "line": 142,
            "column": 90
          }
        },
        "type": "binary-expr",
        "locations": [
          {
            "start": {
              "line": 142,
              "column": 16
            },
            "end": {
              "line": 142,
              "column": 20
            }
          },
          {
            "start": {
              "line": 142,
              "column": 24
            },
            "end": {
              "line": 142,
              "column": 41
            }
          },
          {
            "start": {
              "line": 142,
              "column": 45
            },
            "end": {
              "line": 142,
              "column": 90
            }
          }
        ],
        "line": 142
      },
      "16": {
        "loc": {
          "start": {
            "line": 143,
            "column": 14
          },
          "end": {
            "line": 145,
            "column": 15
          }
        },
        "type": "if",
        "locations": [
          {
            "start": {
              "line": 143,
              "column": 14
            },
            "end": {
              "line": 145,
              "column": 15
            }
          },
          {
            "start": {},
            "end": {}
          }
        ],
        "line": 143
      },
      "17": {
        "loc": {
          "start": {
            "line": 151,
            "column": 14
          },
          "end": {
            "line": 158,
            "column": 15
          }
        },
        "type": "if",
        "locations": [
          {
            "start": {
              "line": 151,
              "column": 14
            },
            "end": {
              "line": 158,
              "column": 15
            }
          },
          {
            "start": {},
            "end": {}
          }
        ],
        "line": 151
      },
      "18": {
        "loc": {
          "start": {
            "line": 819,
            "column": 0
          },
          "end": {
            "line": 822,
            "column": 1
          }
        },
        "type": "if",
        "locations": [
          {
            "start": {
              "line": 819,
              "column": 0
            },
            "end": {
              "line": 822,
              "column": 1
            }
          },
          {
            "start": {},
            "end": {}
          }
        ],
        "line": 819
      },
      "19": {
        "loc": {
          "start": {
            "line": 819,
            "column": 4
          },
          "end": {
            "line": 819,
            "column": 35
          }
        },
        "type": "binary-expr",
        "locations": [
          {
            "start": {
              "line": 819,
              "column": 4
            },
            "end": {
              "line": 819,
              "column": 19
            }
          },
          {
            "start": {
              "line": 819,
              "column": 23
            },
            "end": {
              "line": 819,
              "column": 35
            }
          }
        ],
        "line": 819
      },
      "20": {
        "loc": {
          "start": {
            "line": 823,
            "column": 0
          },
          "end": {
            "line": 832,
            "column": 1
          }
        },
        "type": "if",
        "locations": [
          {
            "start": {
              "line": 823,
              "column": 0
            },
            "end": {
              "line": 832,
              "column": 1
            }
          },
          {
            "start": {},
            "end": {}
          }
        ],
        "line": 823
      },
      "21": {
        "loc": {
          "start": {
            "line": 823,
            "column": 4
          },
          "end": {
            "line": 823,
            "column": 35
          }
        },
        "type": "binary-expr",
        "locations": [
          {
            "start": {
              "line": 823,
              "column": 4
            },
            "end": {
              "line": 823,
              "column": 19
            }
          },
          {
            "start": {
              "line": 823,
              "column": 23
            },
            "end": {
              "line": 823,
              "column": 35
            }
          }
        ],
        "line": 823
      },
      "22": {
        "loc": {
          "start": {
            "line": 827,
            "column": 6
          },
          "end": {
            "line": 827,
            "column": 31
          }
        },
        "type": "if",
        "locations": [
          {
            "start": {
              "line": 827,
              "column": 6
            },
            "end": {
              "line": 827,
              "column": 31
            }
          },
          {
            "start": {},
            "end": {}
          }
        ],
        "line": 827
      },
      "23": {
        "loc": {
          "start": {
            "line": 829,
            "column": 6
          },
          "end": {
            "line": 829,
            "column": 75
          }
        },
        "type": "if",
        "locations": [
          {
            "start": {
              "line": 829,
              "column": 6
            },
            "end": {
              "line": 829,
              "column": 75
            }
          },
          {
            "start": {},
            "end": {}
          }
        ],
        "line": 829
      }
    },
    "s": {
      "0": 7,
      "1": 7,
      "2": 7,
      "3": 0,
      "4": 7,
      "5": 7,
      "6": 7,
      "7": 161,
      "8": 7,
      "9": 7,
      "10": 7,
      "11": 7,
      "12": 0,
      "13": 7,
      "14": 7,
      "15": 7,
      "16": 7,
      "17": 7,
      "18": 0,
      "19": 7,
      "20": 7,
      "21": 0,
      "22": 7,
      "23": 7,
      "24": 0,
      "25": 7,
      "26": 7,
      "27": 0,
      "28": 7,
      "29": 7,
      "30": 0,
      "31": 7,
      "32": 7,
      "33": 0,
      "34": 7,
      "35": 7,
      "36": 0,
      "37": 7,
      "38": 7,
      "39": 0,
      "40": 7,
      "41": 7,
      "42": 14,
      "43": 7,
      "44": 7,
      "45": 2,
      "46": 2,
      "47": 5,
      "48": 2,
      "49": 2,
      "50": 2,
      "51": 0,
      "52": 2,
      "53": 1,
      "54": 2,
      "55": 0,
      "56": 2,
      "57": 0,
      "58": 0,
      "59": 0,
      "60": 0,
      "61": 0,
      "62": 2,
      "63": 2,
      "64": 0,
      "65": 7,
      "66": 1,
      "67": 7,
      "68": 24,
      "69": 24,
      "70": 24,
      "71": 46,
      "72": 24,
      "73": 24,
      "74": 24,
      "75": 16,
      "76": 2,
      "77": 2,
      "78": 2,
      "79": 2,
      "80": 0,
      "81": 0,
      "82": 0,
      "83": 0,
      "84": 0,
      "85": 0,
      "86": 0,
      "87": 0,
      "88": 0,
      "89": 0,
      "90": 0,
      "91": 0,
      "92": 0,
      "93": 0,
      "94": 0,
      "95": 0,
      "96": 0,
      "97": 0,
      "98": 0,
      "99": 0,
      "100": 2,
      "101": 1,
      "102": 24,
      "103": 7,
      "104": 7,
      "105": 7,
      "106": 7,
      "107": 7,
      "108": 7,
      "109": 7,
      "110": 7,
      "111": 7,
      "112": 7,
      "113": 7,
      "114": 7,
      "115": 7,
      "116": 7,
      "117": 7,
      "118": 7,
      "119": 7,
      "120": 7,
      "121": 7,
      "122": 7,
      "123": 7,
      "124": 7,
      "125": 7,
      "126": 7,
      "127": 7,
      "128": 7,
      "129": 7,
      "130": 7,
      "131": 7,
      "132": 7,
      "133": 7,
      "134": 5,
      "135": 5,
      "136": 0,
      "137": 0,
      "138": 0,
      "139": 0,
      "140": 0
    },
    "f": {
      "0": 161,
      "1": 0,
      "2": 7,
      "3": 0,
      "4": 0,
      "5": 0,
      "6": 0,
      "7": 0,
      "8": 0,
      "9": 0,
      "10": 0,
      "11": 14,
      "12": 2,
      "13": 5,
      "14": 2,
      "15": 0,
      "16": 1,
      "17": 1,
      "18": 24,
      "19": 46,
      "20": 16,
      "21": 0,
      "22": 0,
      "23": 0,
      "24": 1,
      "25": 7,
      "26": 5,
      "27": 0
    },
    "b": {
      "0": [
        7,
        0
      ],
      "1": [
        7,
        0
      ],
      "2": [
        7,
        7
      ],
      "3": [
        0,
        7
      ],
      "4": [
        0
      ],
      "5": [
        0,
        2
      ],
      "6": [
        2,
        0
      ],
      "7": [
        0,
        2
      ],
      "8": [
        2,
        2,
        2,
        0
      ],
      "9": [
        0,
        0,
        0,
        0
      ],
      "10": [
        2,
        0
      ],
      "11": [
        2,
        14
      ],
      "12": [
        0,
        0
      ],
      "13": [
        0,
        0
      ],
      "14": [
        0,
        0
      ],
      "15": [
        0,
        0,
        0
      ],
      "16": [
        0,
        0
      ],
      "17": [
        0,
        0
      ],
      "18": [
        7,
        0
      ],
      "19": [
        7,
        7
      ],
      "20": [
        7,
        0
      ],
      "21": [
        7,
        7
      ],
      "22": [
        0,
        0
      ],
      "23": [
        0,
        0
      ]
    }
  },
  "/Users/huyanjie/Documents/fitness_centres/frontend_Vite/src/main.jsx": {
    "path": "/Users/huyanjie/Documents/fitness_centres/frontend_Vite/src/main.jsx",
    "statementMap": {
      "0": {
        "start": {
          "line": 18,
          "column": 0
        },
        "end": {
          "line": 26,
          "column": 1
        }
      },
      "1": {
        "start": {
          "line": 19,
          "column": 19
        },
        "end": {
          "line": 19,
          "column": 59
        }
      },
      "2": {
        "start": {
          "line": 20,
          "column": 2
        },
        "end": {
          "line": 25,
          "column": 3
        }
      },
      "3": {
        "start": {
          "line": 21,
          "column": 4
        },
        "end": {
          "line": 21,
          "column": 39
        }
      },
      "4": {
        "start": {
          "line": 23,
          "column": 4
        },
        "end": {
          "line": 23,
          "column": 98
        }
      },
      "5": {
        "start": {
          "line": 24,
          "column": 4
        },
        "end": {
          "line": 24,
          "column": 70
        }
      },
      "6": {
        "start": {
          "line": 27,
          "column": 0
        },
        "end": {
          "line": 32,
          "column": 1
        }
      },
      "7": {
        "start": {
          "line": 28,
          "column": 2
        },
        "end": {
          "line": 28,
          "column": 27
        }
      },
      "8": {
        "start": {
          "line": 29,
          "column": 2
        },
        "end": {
          "line": 29,
          "column": 19
        }
      },
      "9": {
        "start": {
          "line": 30,
          "column": 2
        },
        "end": {
          "line": 30,
          "column": 27
        }
      },
      "10": {
        "start": {
          "line": 31,
          "column": 2
        },
        "end": {
          "line": 31,
          "column": 17
        }
      },
      "11": {
        "start": {
          "line": 33,
          "column": 0
        },
        "end": {
          "line": 59,
          "column": 2
        }
      }
    },
    "fnMap": {},
    "branchMap": {
      "0": {
        "loc": {
          "start": {
            "line": 18,
            "column": 0
          },
          "end": {
            "line": 26,
            "column": 1
          }
        },
        "type": "if",
        "locations": [
          {
            "start": {
              "line": 18,
              "column": 0
            },
            "end": {
              "line": 26,
              "column": 1
            }
          },
          {
            "start": {},
            "end": {}
          }
        ],
        "line": 18
      },
      "1": {
        "loc": {
          "start": {
            "line": 20,
            "column": 2
          },
          "end": {
            "line": 25,
            "column": 3
          }
        },
        "type": "if",
        "locations": [
          {
            "start": {
              "line": 20,
              "column": 2
            },
            "end": {
              "line": 25,
              "column": 3
            }
          },
          {
            "start": {
              "line": 22,
              "column": 9
            },
            "end": {
              "line": 25,
              "column": 3
            }
          }
        ],
        "line": 20
      },
      "2": {
        "loc": {
          "start": {
            "line": 27,
            "column": 0
          },
          "end": {
            "line": 32,
            "column": 1
          }
        },
        "type": "if",
        "locations": [
          {
            "start": {
              "line": 27,
              "column": 0
            },
            "end": {
              "line": 32,
              "column": 1
            }
          },
          {
            "start": {},
            "end": {}
          }
        ],
        "line": 27
      }
    },
    "s": {
      "0": 7,
      "1": 7,
      "2": 7,
      "3": 0,
      "4": 7,
      "5": 7,
      "6": 7,
      "7": 7,
      "8": 7,
      "9": 7,
      "10": 7,
      "11": 7
    },
    "f": {},
    "b": {
      "0": [
        7,
        0
      ],
      "1": [
        0,
        7
      ],
      "2": [
        7,
        0
      ]
    }
  },
  "/Users/huyanjie/Documents/fitness_centres/frontend_Vite/src/components/CoachList.jsx": {
    "path": "/Users/huyanjie/Documents/fitness_centres/frontend_Vite/src/components/CoachList.jsx",
    "statementMap": {},
    "fnMap": {},
    "branchMap": {},
    "s": {},
    "f": {},
    "b": {}
  },
  "/Users/huyanjie/Documents/fitness_centres/frontend_Vite/src/components/DraggableTag.jsx": {
    "path": "/Users/huyanjie/Documents/fitness_centres/frontend_Vite/src/components/DraggableTag.jsx",
    "statementMap": {},
    "fnMap": {},
    "branchMap": {},
    "s": {},
    "f": {},
    "b": {}
  },
  "/Users/huyanjie/Documents/fitness_centres/frontend_Vite/src/components/ImgLazy.jsx": {
    "path": "/Users/huyanjie/Documents/fitness_centres/frontend_Vite/src/components/ImgLazy.jsx",
    "statementMap": {},
    "fnMap": {},
    "branchMap": {},
    "s": {},
    "f": {},
    "b": {}
  },
  "/Users/huyanjie/Documents/fitness_centres/frontend_Vite/src/components/ImgWithToken.jsx": {
    "path": "/Users/huyanjie/Documents/fitness_centres/frontend_Vite/src/components/ImgWithToken.jsx",
    "statementMap": {},
    "fnMap": {},
    "branchMap": {},
    "s": {},
    "f": {},
    "b": {}
  },
  "/Users/huyanjie/Documents/fitness_centres/frontend_Vite/src/components/PageTransition.jsx": {
    "path": "/Users/huyanjie/Documents/fitness_centres/frontend_Vite/src/components/PageTransition.jsx",
    "statementMap": {
      "0": {
        "start": {
          "line": 3,
          "column": 20
        },
        "end": {
          "line": 3,
          "column": 97
        }
      },
      "1": {
        "start": {
          "line": 6,
          "column": 0
        },
        "end": {
          "line": 16,
          "column": 1
        }
      },
      "2": {
        "start": {
          "line": 7,
          "column": 2
        },
        "end": {
          "line": 9,
          "column": 3
        }
      },
      "3": {
        "start": {
          "line": 8,
          "column": 4
        },
        "end": {
          "line": 8,
          "column": 165
        }
      },
      "4": {
        "start": {
          "line": 10,
          "column": 2
        },
        "end": {
          "line": 10,
          "column": 39
        }
      },
      "5": {
        "start": {
          "line": 11,
          "column": 2
        },
        "end": {
          "line": 11,
          "column": 39
        }
      },
      "6": {
        "start": {
          "line": 12,
          "column": 2
        },
        "end": {
          "line": 14,
          "column": 4
        }
      },
      "7": {
        "start": {
          "line": 13,
          "column": 4
        },
        "end": {
          "line": 13,
          "column": 133
        }
      },
      "8": {
        "start": {
          "line": 15,
          "column": 2
        },
        "end": {
          "line": 15,
          "column": 75
        }
      },
      "9": {
        "start": {
          "line": 18,
          "column": 23
        },
        "end": {
          "line": 79,
          "column": 1
        }
      },
      "10": {
        "start": {
          "line": 19,
          "column": 2
        },
        "end": {
          "line": 28,
          "column": 3
        }
      },
      "11": {
        "start": {
          "line": 20,
          "column": 4
        },
        "end": {
          "line": 27,
          "column": 13
        }
      },
      "12": {
        "start": {
          "line": 29,
          "column": 22
        },
        "end": {
          "line": 34,
          "column": 3
        }
      },
      "13": {
        "start": {
          "line": 30,
          "column": 4
        },
        "end": {
          "line": 32,
          "column": 5
        }
      },
      "14": {
        "start": {
          "line": 31,
          "column": 6
        },
        "end": {
          "line": 31,
          "column": 36
        }
      },
      "15": {
        "start": {
          "line": 33,
          "column": 4
        },
        "end": {
          "line": 33,
          "column": 13
        }
      },
      "16": {
        "start": {
          "line": 35,
          "column": 22
        },
        "end": {
          "line": 40,
          "column": 3
        }
      },
      "17": {
        "start": {
          "line": 36,
          "column": 4
        },
        "end": {
          "line": 38,
          "column": 5
        }
      },
      "18": {
        "start": {
          "line": 37,
          "column": 6
        },
        "end": {
          "line": 37,
          "column": 34
        }
      },
      "19": {
        "start": {
          "line": 39,
          "column": 4
        },
        "end": {
          "line": 39,
          "column": 13
        }
      },
      "20": {
        "start": {
          "line": 41,
          "column": 19
        },
        "end": {
          "line": 46,
          "column": 3
        }
      },
      "21": {
        "start": {
          "line": 42,
          "column": 4
        },
        "end": {
          "line": 44,
          "column": 5
        }
      },
      "22": {
        "start": {
          "line": 43,
          "column": 6
        },
        "end": {
          "line": 43,
          "column": 36
        }
      },
      "23": {
        "start": {
          "line": 45,
          "column": 4
        },
        "end": {
          "line": 45,
          "column": 13
        }
      },
      "24": {
        "start": {
          "line": 47,
          "column": 19
        },
        "end": {
          "line": 52,
          "column": 3
        }
      },
      "25": {
        "start": {
          "line": 48,
          "column": 4
        },
        "end": {
          "line": 50,
          "column": 5
        }
      },
      "26": {
        "start": {
          "line": 49,
          "column": 6
        },
        "end": {
          "line": 49,
          "column": 34
        }
      },
      "27": {
        "start": {
          "line": 51,
          "column": 4
        },
        "end": {
          "line": 51,
          "column": 13
        }
      },
      "28": {
        "start": {
          "line": 53,
          "column": 2
        },
        "end": {
          "line": 78,
          "column": 4
        }
      },
      "29": {
        "start": {
          "line": 80,
          "column": 0
        },
        "end": {
          "line": 80,
          "column": 20
        }
      },
      "30": {
        "start": {
          "line": 83,
          "column": 0
        },
        "end": {
          "line": 83,
          "column": 35
        }
      },
      "31": {
        "start": {
          "line": 84,
          "column": 0
        },
        "end": {
          "line": 87,
          "column": 1
        }
      },
      "32": {
        "start": {
          "line": 85,
          "column": 2
        },
        "end": {
          "line": 85,
          "column": 39
        }
      },
      "33": {
        "start": {
          "line": 86,
          "column": 2
        },
        "end": {
          "line": 86,
          "column": 39
        }
      },
      "34": {
        "start": {
          "line": 88,
          "column": 0
        },
        "end": {
          "line": 97,
          "column": 1
        }
      },
      "35": {
        "start": {
          "line": 89,
          "column": 2
        },
        "end": {
          "line": 96,
          "column": 5
        }
      },
      "36": {
        "start": {
          "line": 90,
          "column": 4
        },
        "end": {
          "line": 90,
          "column": 159
        }
      },
      "37": {
        "start": {
          "line": 91,
          "column": 4
        },
        "end": {
          "line": 95,
          "column": 7
        }
      },
      "38": {
        "start": {
          "line": 92,
          "column": 6
        },
        "end": {
          "line": 92,
          "column": 31
        }
      },
      "39": {
        "start": {
          "line": 92,
          "column": 24
        },
        "end": {
          "line": 92,
          "column": 31
        }
      },
      "40": {
        "start": {
          "line": 93,
          "column": 32
        },
        "end": {
          "line": 93,
          "column": 208
        }
      },
      "41": {
        "start": {
          "line": 94,
          "column": 6
        },
        "end": {
          "line": 94,
          "column": 75
        }
      },
      "42": {
        "start": {
          "line": 94,
          "column": 29
        },
        "end": {
          "line": 94,
          "column": 75
        }
      }
    },
    "fnMap": {
      "0": {
        "name": "(anonymous_0)",
        "decl": {
          "start": {
            "line": 12,
            "column": 24
          },
          "end": {
            "line": 12,
            "column": 25
          }
        },
        "loc": {
          "start": {
            "line": 12,
            "column": 38
          },
          "end": {
            "line": 14,
            "column": 3
          }
        },
        "line": 12
      },
      "1": {
        "name": "(anonymous_1)",
        "decl": {
          "start": {
            "line": 18,
            "column": 23
          },
          "end": {
            "line": 18,
            "column": 24
          }
        },
        "loc": {
          "start": {
            "line": 18,
            "column": 99
          },
          "end": {
            "line": 79,
            "column": 1
          }
        },
        "line": 18
      },
      "2": {
        "name": "(anonymous_2)",
        "decl": {
          "start": {
            "line": 29,
            "column": 22
          },
          "end": {
            "line": 29,
            "column": 23
          }
        },
        "loc": {
          "start": {
            "line": 29,
            "column": 28
          },
          "end": {
            "line": 34,
            "column": 3
          }
        },
        "line": 29
      },
      "3": {
        "name": "(anonymous_3)",
        "decl": {
          "start": {
            "line": 35,
            "column": 22
          },
          "end": {
            "line": 35,
            "column": 23
          }
        },
        "loc": {
          "start": {
            "line": 35,
            "column": 28
          },
          "end": {
            "line": 40,
            "column": 3
          }
        },
        "line": 35
      },
      "4": {
        "name": "(anonymous_4)",
        "decl": {
          "start": {
            "line": 41,
            "column": 19
          },
          "end": {
            "line": 41,
            "column": 20
          }
        },
        "loc": {
          "start": {
            "line": 41,
            "column": 25
          },
          "end": {
            "line": 46,
            "column": 3
          }
        },
        "line": 41
      },
      "5": {
        "name": "(anonymous_5)",
        "decl": {
          "start": {
            "line": 47,
            "column": 19
          },
          "end": {
            "line": 47,
            "column": 20
          }
        },
        "loc": {
          "start": {
            "line": 47,
            "column": 25
          },
          "end": {
            "line": 52,
            "column": 3
          }
        },
        "line": 47
      },
      "6": {
        "name": "(anonymous_6)",
        "decl": {
          "start": {
            "line": 89,
            "column": 52
          },
          "end": {
            "line": 89,
            "column": 53
          }
        },
        "loc": {
          "start": {
            "line": 89,
            "column": 72
          },
          "end": {
            "line": 96,
            "column": 3
          }
        },
        "line": 89
      },
      "7": {
        "name": "(anonymous_7)",
        "decl": {
          "start": {
            "line": 91,
            "column": 27
          },
          "end": {
            "line": 91,
            "column": 28
          }
        },
        "loc": {
          "start": {
            "line": 91,
            "column": 44
          },
          "end": {
            "line": 95,
            "column": 5
          }
        },
        "line": 91
      }
    },
    "branchMap": {
      "0": {
        "loc": {
          "start": {
            "line": 3,
            "column": 20
          },
          "end": {
            "line": 3,
            "column": 97
          }
        },
        "type": "binary-expr",
        "locations": [
          {
            "start": {
              "line": 3,
              "column": 20
            },
            "end": {
              "line": 3,
              "column": 60
            }
          },
          {
            "start": {
              "line": 3,
              "column": 64
            },
            "end": {
              "line": 3,
              "column": 97
            }
          }
        ],
        "line": 3
      },
      "1": {
        "loc": {
          "start": {
            "line": 6,
            "column": 0
          },
          "end": {
            "line": 16,
            "column": 1
          }
        },
        "type": "if",
        "locations": [
          {
            "start": {
              "line": 6,
              "column": 0
            },
            "end": {
              "line": 16,
              "column": 1
            }
          },
          {
            "start": {},
            "end": {}
          }
        ],
        "line": 6
      },
      "2": {
        "loc": {
          "start": {
            "line": 6,
            "column": 4
          },
          "end": {
            "line": 6,
            "column": 35
          }
        },
        "type": "binary-expr",
        "locations": [
          {
            "start": {
              "line": 6,
              "column": 4
            },
            "end": {
              "line": 6,
              "column": 19
            }
          },
          {
            "start": {
              "line": 6,
              "column": 23
            },
            "end": {
              "line": 6,
              "column": 35
            }
          }
        ],
        "line": 6
      },
      "3": {
        "loc": {
          "start": {
            "line": 7,
            "column": 2
          },
          "end": {
            "line": 9,
            "column": 3
          }
        },
        "type": "if",
        "locations": [
          {
            "start": {
              "line": 7,
              "column": 2
            },
            "end": {
              "line": 9,
              "column": 3
            }
          },
          {
            "start": {},
            "end": {}
          }
        ],
        "line": 7
      },
      "4": {
        "loc": {
          "start": {
            "line": 18,
            "column": 47
          },
          "end": {
            "line": 18,
            "column": 71
          }
        },
        "type": "default-arg",
        "locations": [
          {
            "start": {
              "line": 18,
              "column": 59
            },
            "end": {
              "line": 18,
              "column": 71
            }
          }
        ],
        "line": 18
      },
      "5": {
        "loc": {
          "start": {
            "line": 18,
            "column": 73
          },
          "end": {
            "line": 18,
            "column": 92
          }
        },
        "type": "default-arg",
        "locations": [
          {
            "start": {
              "line": 18,
              "column": 87
            },
            "end": {
              "line": 18,
              "column": 92
            }
          }
        ],
        "line": 18
      },
      "6": {
        "loc": {
          "start": {
            "line": 19,
            "column": 2
          },
          "end": {
            "line": 28,
            "column": 3
          }
        },
        "type": "if",
        "locations": [
          {
            "start": {
              "line": 19,
              "column": 2
            },
            "end": {
              "line": 28,
              "column": 3
            }
          },
          {
            "start": {},
            "end": {}
          }
        ],
        "line": 19
      },
      "7": {
        "loc": {
          "start": {
            "line": 30,
            "column": 4
          },
          "end": {
            "line": 32,
            "column": 5
          }
        },
        "type": "if",
        "locations": [
          {
            "start": {
              "line": 30,
              "column": 4
            },
            "end": {
              "line": 32,
              "column": 5
            }
          },
          {
            "start": {},
            "end": {}
          }
        ],
        "line": 30
      },
      "8": {
        "loc": {
          "start": {
            "line": 31,
            "column": 13
          },
          "end": {
            "line": 31,
            "column": 35
          }
        },
        "type": "cond-expr",
        "locations": [
          {
            "start": {
              "line": 31,
              "column": 25
            },
            "end": {
              "line": 31,
              "column": 28
            }
          },
          {
            "start": {
              "line": 31,
              "column": 31
            },
            "end": {
              "line": 31,
              "column": 35
            }
          }
        ],
        "line": 31
      },
      "9": {
        "loc": {
          "start": {
            "line": 36,
            "column": 4
          },
          "end": {
            "line": 38,
            "column": 5
          }
        },
        "type": "if",
        "locations": [
          {
            "start": {
              "line": 36,
              "column": 4
            },
            "end": {
              "line": 38,
              "column": 5
            }
          },
          {
            "start": {},
            "end": {}
          }
        ],
        "line": 36
      },
      "10": {
        "loc": {
          "start": {
            "line": 37,
            "column": 13
          },
          "end": {
            "line": 37,
            "column": 33
          }
        },
        "type": "cond-expr",
        "locations": [
          {
            "start": {
              "line": 37,
              "column": 25
            },
            "end": {
              "line": 37,
              "column": 27
            }
          },
          {
            "start": {
              "line": 37,
              "column": 30
            },
            "end": {
              "line": 37,
              "column": 33
            }
          }
        ],
        "line": 37
      },
      "11": {
        "loc": {
          "start": {
            "line": 42,
            "column": 4
          },
          "end": {
            "line": 44,
[...]
    }
  },
  "/Users/huyanjie/Documents/fitness_centres/frontend_Vite/src/store/api/baseApi.js": {
    "path": "/Users/huyanjie/Documents/fitness_centres/frontend_Vite/src/store/api/baseApi.js",
    "statementMap": {
      "0": {
        "start": {
          "line": 6,
          "column": 22
        },
        "end": {
          "line": 9,
          "column": 1
        }
      },
      "1": {
        "start": {
          "line": 8,
          "column": 2
        },
        "end": {
          "line": 8,
          "column": 13
        }
      },
      "2": {
        "start": {
          "line": 12,
          "column": 20
        },
        "end": {
          "line": 18,
          "column": 1
        }
      },
      "3": {
        "start": {
          "line": 13,
          "column": 2
        },
        "end": {
          "line": 17,
          "column": 3
        }
      },
      "4": {
        "start": {
          "line": 14,
          "column": 4
        },
        "end": {
          "line": 14,
          "column": 52
        }
      },
      "5": {
        "start": {
          "line": 16,
          "column": 4
        },
        "end": {
          "line": 16,
          "column": 16
        }
      },
      "6": {
        "start": {
          "line": 21,
          "column": 23
        },
        "end": {
          "line": 27,
          "column": 1
        }
      },
      "7": {
        "start": {
          "line": 22,
          "column": 2
        },
        "end": {
          "line": 26,
          "column": 3
        }
      },
      "8": {
        "start": {
          "line": 23,
          "column": 4
        },
        "end": {
          "line": 23,
          "column": 48
        }
      },
      "9": {
        "start": {
          "line": 30,
          "column": 30
        },
        "end": {
          "line": 66,
          "column": 1
        }
      },
      "10": {
        "start": {
          "line": 32,
          "column": 2
        },
        "end": {
          "line": 34,
          "column": 3
        }
      },
      "11": {
        "start": {
          "line": 33,
          "column": 4
        },
        "end": {
          "line": 33,
          "column": 11
        }
      },
      "12": {
        "start": {
          "line": 37,
          "column": 2
        },
        "end": {
          "line": 37,
          "column": 42
        }
      },
      "13": {
        "start": {
          "line": 40,
          "column": 2
        },
        "end": {
          "line": 40,
          "column": 26
        }
      },
      "14": {
        "start": {
          "line": 41,
          "column": 2
        },
        "end": {
          "line": 41,
          "column": 29
        }
      },
      "15": {
        "start": {
          "line": 42,
          "column": 2
        },
        "end": {
          "line": 42,
          "column": 29
        }
      },
      "16": {
        "start": {
          "line": 45,
          "column": 2
        },
        "end": {
          "line": 45,
          "column": 25
        }
      },
      "17": {
        "start": {
          "line": 48,
          "column": 2
        },
        "end": {
          "line": 56,
          "column": 5
        }
      },
      "18": {
        "start": {
          "line": 59,
          "column": 2
        },
        "end": {
          "line": 65,
          "column": 11
        }
      },
      "19": {
        "start": {
          "line": 60,
          "column": 4
        },
        "end": {
          "line": 60,
          "column": 36
        }
      },
      "20": {
        "start": {
          "line": 62,
          "column": 4
        },
        "end": {
          "line": 64,
          "column": 13
        }
      },
      "21": {
        "start": {
          "line": 63,
          "column": 6
        },
        "end": {
          "line": 63,
          "column": 47
        }
      },
      "22": {
        "start": {
          "line": 69,
          "column": 18
        },
        "end": {
          "line": 89,
          "column": 2
        }
      },
      "23": {
        "start": {
          "line": 75,
          "column": 29
        },
        "end": {
          "line": 75,
          "column": 142
        }
      },
      "24": {
        "start": {
          "line": 76,
          "column": 4
        },
        "end": {
          "line": 78,
          "column": 5
        }
      },
      "25": {
        "start": {
          "line": 77,
          "column": 6
        },
        "end": {
          "line": 77,
          "column": 21
        }
      },
      "26": {
        "start": {
          "line": 81,
          "column": 18
        },
        "end": {
          "line": 81,
          "column": 38
        }
      },
      "27": {
        "start": {
          "line": 83,
          "column": 4
        },
        "end": {
          "line": 86,
          "column": 5
        }
      },
      "28": {
        "start": {
          "line": 85,
          "column": 6
        },
        "end": {
          "line": 85,
          "column": 34
        }
      },
      "29": {
        "start": {
          "line": 87,
          "column": 4
        },
        "end": {
          "line": 87,
          "column": 19
        }
      },
      "30": {
        "start": {
          "line": 92,
          "column": 28
        },
        "end": {
          "line": 121,
          "column": 1
        }
      },
      "31": {
        "start": {
          "line": 93,
          "column": 17
        },
        "end": {
          "line": 93,
          "column": 57
        }
      },
      "32": {
        "start": {
          "line": 96,
          "column": 2
        },
        "end": {
          "line": 118,
          "column": 3
        }
      },
      "33": {
        "start": {
          "line": 98,
          "column": 22
        },
        "end": {
          "line": 98,
          "column": 39
        }
      },
      "34": {
        "start": {
          "line": 101,
          "column": 4
        },
        "end": {
          "line": 117,
          "column": 5
        }
      },
      "35": {
        "start": {
          "line": 102,
          "column": 34
        },
        "end": {
          "line": 102,
          "column": 43
        }
      },
      "36": {
        "start": {
          "line": 106,
          "column": 8
        },
        "end": {
          "line": 111,
          "column": 89
        }
      },
      "37": {
        "start": {
          "line": 113,
          "column": 6
        },
        "end": {
          "line": 116,
          "column": 7
        }
      },
      "38": {
        "start": {
          "line": 115,
          "column": 8
        },
        "end": {
          "line": 115,
          "column": 35
        }
      },
      "39": {
        "start": {
          "line": 120,
          "column": 2
        },
        "end": {
          "line": 120,
          "column": 16
        }
      },
      "40": {
        "start": {
          "line": 124,
          "column": 23
        },
        "end": {
          "line": 131,
          "column": 2
        }
      },
      "41": {
        "start": {
          "line": 130,
          "column": 20
        },
        "end": {
          "line": 130,
          "column": 22
        }
      }
    },
    "fnMap": {
      "0": {
        "name": "(anonymous_0)",
        "decl": {
          "start": {
            "line": 6,
            "column": 22
          },
          "end": {
            "line": 6,
            "column": 23
          }
        },
        "loc": {
          "start": {
            "line": 6,
            "column": 31
          },
          "end": {
            "line": 9,
            "column": 1
          }
        },
        "line": 6
      },
      "1": {
        "name": "(anonymous_1)",
        "decl": {
          "start": {
            "line": 12,
            "column": 20
          },
          "end": {
            "line": 12,
            "column": 21
          }
        },
        "loc": {
          "start": {
            "line": 12,
            "column": 29
          },
          "end": {
            "line": 18,
            "column": 1
          }
        },
        "line": 12
      },
      "2": {
        "name": "(anonymous_2)",
        "decl": {
          "start": {
            "line": 21,
            "column": 23
          },
          "end": {
            "line": 21,
            "column": 24
          }
        },
        "loc": {
          "start": {
            "line": 21,
            "column": 32
          },
          "end": {
            "line": 27,
            "column": 1
          }
        },
        "line": 21
      },
      "3": {
        "name": "(anonymous_3)",
        "decl": {
          "start": {
            "line": 30,
            "column": 30
          },
          "end": {
            "line": 30,
            "column": 31
          }
        },
        "loc": {
          "start": {
            "line": 30,
            "column": 39
          },
          "end": {
            "line": 66,
            "column": 1
          }
        },
        "line": 30
      },
      "4": {
        "name": "(anonymous_4)",
        "decl": {
          "start": {
            "line": 59,
            "column": 13
          },
          "end": {
            "line": 59,
            "column": 14
          }
        },
        "loc": {
          "start": {
            "line": 59,
            "column": 19
          },
          "end": {
            "line": 65,
            "column": 3
          }
        },
        "line": 59
      },
      "5": {
        "name": "(anonymous_5)",
        "decl": {
          "start": {
            "line": 62,
            "column": 15
          },
          "end": {
            "line": 62,
            "column": 16
          }
        },
        "loc": {
          "start": {
            "line": 62,
            "column": 21
          },
          "end": {
            "line": 64,
            "column": 5
          }
        },
        "line": 62
      },
      "6": {
        "name": "(anonymous_6)",
        "decl": {
          "start": {
            "line": 73,
            "column": 18
          },
          "end": {
            "line": 73,
            "column": 19
          }
        },
        "loc": {
          "start": {
            "line": 73,
            "column": 45
          },
          "end": {
            "line": 88,
            "column": 3
          }
        },
        "line": 73
      },
      "7": {
        "name": "(anonymous_7)",
        "decl": {
          "start": {
            "line": 92,
            "column": 28
          },
          "end": {
            "line": 92,
            "column": 29
          }
        },
        "loc": {
          "start": {
            "line": 92,
            "column": 63
          },
          "end": {
            "line": 121,
            "column": 1
          }
        },
        "line": 92
      },
      "8": {
        "name": "(anonymous_8)",
        "decl": {
          "start": {
            "line": 130,
            "column": 13
          },
          "end": {
            "line": 130,
            "column": 14
          }
        },
        "loc": {
          "start": {
            "line": 130,
            "column": 20
          },
          "end": {
            "line": 130,
            "column": 22
          }
        },
        "line": 130
      }
    },
    "branchMap": {
      "0": {
        "loc": {
          "start": {
            "line": 32,
            "column": 2
          },
          "end": {
            "line": 34,
            "column": 3
          }
        },
        "type": "if",
        "locations": [
          {
            "start": {
              "line": 32,
              "column": 2
            },
            "end": {
              "line": 34,
              "column": 3
            }
          },
          {
            "start": {},
            "end": {}
          }
        ],
        "line": 32
      },
      "1": {
        "loc": {
          "start": {
            "line": 70,
            "column": 11
          },
          "end": {
            "line": 72,
            "column": 29
          }
        },
        "type": "cond-expr",
        "locations": [
          {
            "start": {
              "line": 71,
              "column": 6
            },
            "end": {
              "line": 71,
              "column": 9
            }
          },
          {
            "start": {
              "line": 72,
              "column": 6
            },
            "end": {
              "line": 72,
              "column": 29
            }
          }
        ],
        "line": 70
      },
      "2": {
        "loc": {
          "start": {
            "line": 76,
            "column": 4
          },
          "end": {
            "line": 78,
            "column": 5
          }
        },
        "type": "if",
        "locations": [
          {
            "start": {
              "line": 76,
              "column": 4
            },
            "end": {
              "line": 78,
              "column": 5
            }
          },
          {
            "start": {},
            "end": {}
          }
        ],
        "line": 76
      },
      "3": {
        "loc": {
          "start": {
            "line": 83,
            "column": 4
          },
          "end": {
            "line": 86,
            "column": 5
          }
        },
        "type": "if",
        "locations": [
          {
            "start": {
              "line": 83,
              "column": 4
            },
            "end": {
              "line": 86,
              "column": 5
            }
          },
          {
            "start": {},
            "end": {}
          }
        ],
        "line": 83
      },
      "4": {
        "loc": {
          "start": {
            "line": 96,
            "column": 2
          },
          "end": {
            "line": 118,
            "column": 3
          }
        },
        "type": "if",
        "locations": [
          {
            "start": {
              "line": 96,
              "column": 2
            },
            "end": {
              "line": 118,
              "column": 3
            }
          },
          {
            "start": {},
            "end": {}
          }
        ],
        "line": 96
      },
      "5": {
        "loc": {
          "start": {
            "line": 101,
            "column": 4
          },
          "end": {
            "line": 117,
            "column": 5
          }
        },
        "type": "if",
        "locations": [
          {
            "start": {
              "line": 101,
              "column": 4
            },
            "end": {
              "line": 117,
              "column": 5
            }
          },
          {
            "start": {},
            "end": {}
          }
        ],
        "line": 101
      },
      "6": {
        "loc": {
          "start": {
            "line": 106,
            "column": 8
          },
          "end": {
            "line": 111,
            "column": 89
          }
        },
        "type": "binary-expr",
        "locations": [
          {
            "start": {
              "line": 106,
              "column": 9
            },
            "end": {
              "line": 106,
              "column": 22
            }
          },
          {
            "start": {
              "line": 107,
              "column": 9
            },
            "end": {
              "line": 107,
              "column": 21
            }
          },
          {
            "start": {
              "line": 108,
              "column": 9
            },
            "end": {
              "line": 108,
              "column": 49
            }
          },
          {
            "start": {
              "line": 109,
              "column": 9
            },
            "end": {
              "line": 109,
              "column": 12
            }
          },
          {
            "start": {
              "line": 109,
              "column": 16
            },
            "end": {
              "line": 109,
              "column": 59
            }
          },
          {
            "start": {
              "line": 110,
              "column": 9
            },
            "end": {
              "line": 110,
              "column": 12
            }
          },
          {
            "start": {
              "line": 110,
              "column": 16
            },
            "end": {
              "line": 110,
              "column": 59
            }
          },
          {
            "start": {
              "line": 111,
              "column": 9
            },
            "end": {
              "line": 111,
              "column": 13
            }
          },
          {
            "start": {
              "line": 111,
              "column": 17
            },
            "end": {
              "line": 111,
              "column": 41
            }
          },
          {
            "start": {
              "line": 111,
              "column": 45
            },
            "end": {
              "line": 111,
              "column": 88
            }
          }
        ],
        "line": 106
      },
      "7": {
        "loc": {
          "start": {
            "line": 113,
            "column": 6
          },
          "end": {
            "line": 116,
            "column": 7
          }
        },
        "type": "if",
        "locations": [
          {
            "start": {
              "line": 113,
              "column": 6
            },
            "end": {
              "line": 116,
              "column": 7
            }
          },
          {
            "start": {},
            "end": {}
          }
        ],
        "line": 113
      }
    },
    "s": {
      "0": 7,
      "1": 0,
      "2": 7,
      "3": 0,
      "4": 0,
      "5": 0,
      "6": 7,
      "7": 0,
      "8": 0,
      "9": 7,
      "10": 0,
      "11": 0,
      "12": 0,
      "13": 0,
      "14": 0,
      "15": 0,
      "16": 0,
      "17": 0,
      "18": 0,
      "19": 0,
      "20": 0,
      "21": 0,
      "22": 7,
      "23": 2,
      "24": 2,
      "25": 2,
      "26": 0,
      "27": 0,
      "28": 0,
      "29": 0,
      "30": 7,
      "31": 2,
      "32": 2,
      "33": 1,
      "34": 1,
      "35": 1,
      "36": 1,
      "37": 1,
      "38": 0,
      "39": 2,
      "40": 7,
      "41": 7
    },
    "f": {
      "0": 0,
      "1": 0,
      "2": 0,
      "3": 0,
      "4": 0,
      "5": 0,
      "6": 2,
      "7": 2,
      "8": 7
    },
    "b": {
      "0": [
        0,
        0
      ],
      "1": [
        0,
        7
      ],
      "2": [
        2,
        0
      ],
      "3": [
        0,
        0
      ],
      "4": [
        1,
        1
      ],
      "5": [
        1,
        0
      ],
      "6": [
        1,
        1,
        1,
        1,
        1,
        1,
        1,
        1,
        0,
        0
      ],
      "7": [
        0,
        1
      ]
    }
  },
  "/Users/huyanjie/Documents/fitness_centres/frontend_Vite/src/store/api/coachApi.js": {
    "path": "/Users/huyanjie/Documents/fitness_centres/frontend_Vite/src/store/api/coachApi.js",
    "statementMap": {},
    "fnMap": {},
    "branchMap": {},
    "s": {},
    "f": {},
    "b": {}
  },
  "/Users/huyanjie/Documents/fitness_centres/frontend_Vite/src/store/api/memberApi.js": {
    "path": "/Users/huyanjie/Documents/fitness_centres/frontend_Vite/src/store/api/memberApi.js",
    "statementMap": {},
    "fnMap": {},
    "branchMap": {},
    "s": {},
    "f": {},
    "b": {}
  },
  "/Users/huyanjie/Documents/fitness_centres/frontend_Vite/src/store/api/userApi.js": {
    "path": "/Users/huyanjie/Documents/fitness_centres/frontend_Vite/src/store/api/userApi.js",
    "statementMap": {},
    "fnMap": {},
    "branchMap": {},
    "s": {},
    "f": {},
    "b": {}
  }
}